<?xml version="1.0" encoding="UTF-8"?>
<coverage generated="1674556869449" clover="3.2.0">
  <project timestamp="1674556869449" name="All files">
    <metrics statements="21" coveredstatements="21" conditionals="12" coveredconditionals="12" methods="7" coveredmethods="7" elements="40" coveredelements="40" complexity="0" loc="21" ncloc="21" packages="1" files="3" classes="3"/>
    <file name="account.js" path="/Users/mike/Documents/makers/week-10/bank-tech-test/account.js">
      <metrics statements="7" coveredstatements="7" conditionals="0" coveredconditionals="0" methods="3" coveredmethods="3"/>
      <line num="3" count="2" type="stmt"/>
      <line num="4" count="2" type="stmt"/>
      <line num="8" count="3" type="stmt"/>
      <line num="10" count="3" type="stmt"/>
      <line num="12" count="3" type="stmt"/>
      <line num="21" count="1" type="stmt"/>
      <line num="25" count="2" type="stmt"/>
    </file>
    <file name="date.js" path="/Users/mike/Documents/makers/week-10/bank-tech-test/date.js">
      <metrics statements="8" coveredstatements="8" conditionals="8" coveredconditionals="8" methods="2" coveredmethods="2"/>
      <line num="4" count="4" type="stmt"/>
      <line num="9" count="4" type="cond" truecount="2" falsecount="0"/>
      <line num="11" count="3" type="stmt"/>
      <line num="13" count="3" type="cond" truecount="6" falsecount="0"/>
      <line num="17" count="2" type="stmt"/>
      <line num="19" count="1" type="stmt"/>
      <line num="21" count="1" type="stmt"/>
      <line num="25" count="3" type="stmt"/>
    </file>
    <file name="deposit.js" path="/Users/mike/Documents/makers/week-10/bank-tech-test/deposit.js">
      <metrics statements="6" coveredstatements="6" conditionals="4" coveredconditionals="4" methods="2" coveredmethods="2"/>
      <line num="3" count="4" type="stmt"/>
      <line num="4" count="4" type="stmt"/>
      <line num="8" count="4" type="cond" truecount="2" falsecount="0"/>
      <line num="10" count="3" type="cond" truecount="2" falsecount="0"/>
      <line num="12" count="2" type="stmt"/>
      <line num="16" count="3" type="stmt"/>
    </file>
  </project>
</coverage>
