<?xml version="1.0" encoding="UTF-8"?>
<coverage generated="1674571908392" clover="3.2.0">
  <project timestamp="1674571908392" name="All files">
    <metrics statements="34" coveredstatements="34" conditionals="24" coveredconditionals="23" methods="10" coveredmethods="10" elements="68" coveredelements="67" complexity="0" loc="34" ncloc="34" packages="1" files="4" classes="4"/>
    <file name="account.js" path="/Users/mike/Documents/makers/week-10/bank-tech-test/account.js">
      <metrics statements="10" coveredstatements="10" conditionals="4" coveredconditionals="3" methods="3" coveredmethods="3"/>
      <line num="4" count="4" type="stmt"/>
      <line num="5" count="4" type="stmt"/>
      <line num="10" count="8" type="stmt"/>
      <line num="12" count="8" type="cond" truecount="2" falsecount="0"/>
      <line num="13" count="5" type="stmt"/>
      <line num="14" count="3" type="cond" truecount="1" falsecount="1"/>
      <line num="15" count="3" type="stmt"/>
      <line num="18" count="8" type="stmt"/>
      <line num="28" count="4" type="stmt"/>
      <line num="33" count="3" type="stmt"/>
    </file>
    <file name="date.js" path="/Users/mike/Documents/makers/week-10/bank-tech-test/date.js">
      <metrics statements="8" coveredstatements="8" conditionals="8" coveredconditionals="8" methods="2" coveredmethods="2"/>
      <line num="4" count="7" type="stmt"/>
      <line num="9" count="7" type="cond" truecount="2" falsecount="0"/>
      <line num="11" count="6" type="stmt"/>
      <line num="13" count="6" type="cond" truecount="6" falsecount="0"/>
      <line num="17" count="5" type="stmt"/>
      <line num="19" count="1" type="stmt"/>
      <line num="21" count="1" type="stmt"/>
      <line num="25" count="3" type="stmt"/>
    </file>
    <file name="statement.js" path="/Users/mike/Documents/makers/week-10/bank-tech-test/statement.js">
      <metrics statements="7" coveredstatements="7" conditionals="4" coveredconditionals="4" methods="3" coveredmethods="3"/>
      <line num="3" count="3" type="stmt"/>
      <line num="6" count="3" type="stmt"/>
      <line num="8" count="3" type="stmt"/>
      <line num="10" count="3" type="stmt"/>
      <line num="11" count="6" type="cond" truecount="4" falsecount="0"/>
      <line num="14" count="3" type="stmt"/>
      <line num="18" count="2" type="stmt"/>
    </file>
    <file name="transaction.js" path="/Users/mike/Documents/makers/week-10/bank-tech-test/transaction.js">
      <metrics statements="9" coveredstatements="9" conditionals="8" coveredconditionals="8" methods="2" coveredmethods="2"/>
      <line num="4" count="8" type="stmt"/>
      <line num="5" count="8" type="stmt"/>
      <line num="6" count="8" type="stmt"/>
      <line num="13" count="8" type="cond" truecount="2" falsecount="0"/>
      <line num="15" count="7" type="cond" truecount="2" falsecount="0"/>
      <line num="17" count="6" type="cond" truecount="4" falsecount="0"/>
      <line num="18" count="5" type="stmt"/>
      <line num="19" count="1" type="stmt"/>
      <line num="24" count="3" type="stmt"/>
    </file>
  </project>
</coverage>
