{"/Users/mike/Documents/makers/week-10/bank-tech-test/account.js": {"path":"/Users/mike/Documents/makers/week-10/bank-tech-test/account.js","statementMap":{"0":{"start":{"line":4,"column":8},"end":{"line":4,"column":24}},"1":{"start":{"line":5,"column":8},"end":{"line":5,"column":24}},"2":{"start":{"line":10,"column":37},"end":{"line":10,"column":65}},"3":{"start":{"line":12,"column":8},"end":{"line":16,"column":9}},"4":{"start":{"line":13,"column":8},"end":{"line":13,"column":30}},"5":{"start":{"line":14,"column":13},"end":{"line":16,"column":9}},"6":{"start":{"line":15,"column":12},"end":{"line":15,"column":34}},"7":{"start":{"line":18,"column":8},"end":{"line":24,"column":14}},"8":{"start":{"line":28,"column":8},"end":{"line":28,"column":26}},"9":{"start":{"line":33,"column":0},"end":{"line":33,"column":24}}},"fnMap":{"0":{"name":"(anonymous_0)","decl":{"start":{"line":3,"column":4},"end":{"line":3,"column":5}},"loc":{"start":{"line":3,"column":18},"end":{"line":6,"column":5}},"line":3},"1":{"name":"(anonymous_1)","decl":{"start":{"line":8,"column":4},"end":{"line":8,"column":5}},"loc":{"start":{"line":8,"column":32},"end":{"line":25,"column":5}},"line":8},"2":{"name":"(anonymous_2)","decl":{"start":{"line":27,"column":4},"end":{"line":27,"column":5}},"loc":{"start":{"line":27,"column":16},"end":{"line":29,"column":5}},"line":27}},"branchMap":{"0":{"loc":{"start":{"line":12,"column":8},"end":{"line":16,"column":9}},"type":"if","locations":[{"start":{"line":12,"column":8},"end":{"line":16,"column":9}},{"start":{"line":14,"column":13},"end":{"line":16,"column":9}}],"line":12},"1":{"loc":{"start":{"line":14,"column":13},"end":{"line":16,"column":9}},"type":"if","locations":[{"start":{"line":14,"column":13},"end":{"line":16,"column":9}},{"start":{},"end":{}}],"line":14}},"s":{"0":4,"1":4,"2":8,"3":8,"4":5,"5":3,"6":3,"7":8,"8":4,"9":3},"f":{"0":4,"1":8,"2":4},"b":{"0":[5,3],"1":[3,0]},"_coverageSchema":"1a1c01bbd47fc00a2c39e90264f33305004495a9","hash":"792152a86d6721c7027ba8631a78c7181d1fe36c"}
,"/Users/mike/Documents/makers/week-10/bank-tech-test/date.js": {"path":"/Users/mike/Documents/makers/week-10/bank-tech-test/date.js","statementMap":{"0":{"start":{"line":4,"column":8},"end":{"line":4,"column":24}},"1":{"start":{"line":9,"column":8},"end":{"line":21,"column":55}},"2":{"start":{"line":11,"column":30},"end":{"line":11,"column":50}},"3":{"start":{"line":13,"column":12},"end":{"line":19,"column":74}},"4":{"start":{"line":17,"column":20},"end":{"line":17,"column":36}},"5":{"start":{"line":19,"column":23},"end":{"line":19,"column":74}},"6":{"start":{"line":21,"column":15},"end":{"line":21,"column":55}},"7":{"start":{"line":25,"column":0},"end":{"line":25,"column":21}}},"fnMap":{"0":{"name":"(anonymous_0)","decl":{"start":{"line":3,"column":4},"end":{"line":3,"column":5}},"loc":{"start":{"line":3,"column":22},"end":{"line":5,"column":5}},"line":3},"1":{"name":"(anonymous_1)","decl":{"start":{"line":7,"column":4},"end":{"line":7,"column":5}},"loc":{"start":{"line":7,"column":14},"end":{"line":22,"column":5}},"line":7}},"branchMap":{"0":{"loc":{"start":{"line":9,"column":8},"end":{"line":21,"column":55}},"type":"if","locations":[{"start":{"line":9,"column":8},"end":{"line":21,"column":55}},{"start":{"line":21,"column":15},"end":{"line":21,"column":55}}],"line":9},"1":{"loc":{"start":{"line":13,"column":12},"end":{"line":19,"column":74}},"type":"if","locations":[{"start":{"line":13,"column":12},"end":{"line":19,"column":74}},{"start":{"line":19,"column":23},"end":{"line":19,"column":74}}],"line":13},"2":{"loc":{"start":{"line":13,"column":16},"end":{"line":16,"column":44}},"type":"binary-expr","locations":[{"start":{"line":13,"column":16},"end":{"line":13,"column":38}},{"start":{"line":14,"column":19},"end":{"line":14,"column":44}},{"start":{"line":15,"column":19},"end":{"line":15,"column":44}},{"start":{"line":16,"column":19},"end":{"line":16,"column":44}}],"line":13}},"s":{"0":7,"1":7,"2":6,"3":6,"4":5,"5":1,"6":1,"7":3},"f":{"0":7,"1":7},"b":{"0":[6,1],"1":[5,1],"2":[6,5,5,5]},"_coverageSchema":"1a1c01bbd47fc00a2c39e90264f33305004495a9","hash":"ea59e38de42e780d662774d1a566a4b45cbb82f2"}
,"/Users/mike/Documents/makers/week-10/bank-tech-test/statement.js": {"path":"/Users/mike/Documents/makers/week-10/bank-tech-test/statement.js","statementMap":{"0":{"start":{"line":3,"column":8},"end":{"line":3,"column":30}},"1":{"start":{"line":6,"column":23},"end":{"line":6,"column":47}},"2":{"start":{"line":8,"column":24},"end":{"line":8,"column":60}},"3":{"start":{"line":10,"column":32},"end":{"line":12,"column":10}},"4":{"start":{"line":11,"column":12},"end":{"line":11,"column":234}},"5":{"start":{"line":14,"column":8},"end":{"line":14,"column":54}},"6":{"start":{"line":18,"column":0},"end":{"line":18,"column":26}}},"fnMap":{"0":{"name":"(anonymous_0)","decl":{"start":{"line":2,"column":4},"end":{"line":2,"column":5}},"loc":{"start":{"line":2,"column":25},"end":{"line":4,"column":5}},"line":2},"1":{"name":"(anonymous_1)","decl":{"start":{"line":5,"column":4},"end":{"line":5,"column":5}},"loc":{"start":{"line":5,"column":12},"end":{"line":15,"column":5}},"line":5},"2":{"name":"(anonymous_2)","decl":{"start":{"line":10,"column":43},"end":{"line":10,"column":44}},"loc":{"start":{"line":10,"column":60},"end":{"line":12,"column":9}},"line":10}},"branchMap":{"0":{"loc":{"start":{"line":11,"column":47},"end":{"line":11,"column":119}},"type":"cond-expr","locations":[{"start":{"line":11,"column":79},"end":{"line":11,"column":114}},{"start":{"line":11,"column":117},"end":{"line":11,"column":119}}],"line":11},"1":{"loc":{"start":{"line":11,"column":125},"end":{"line":11,"column":196}},"type":"cond-expr","locations":[{"start":{"line":11,"column":156},"end":{"line":11,"column":191}},{"start":{"line":11,"column":194},"end":{"line":11,"column":196}}],"line":11}},"s":{"0":3,"1":3,"2":3,"3":3,"4":6,"5":3,"6":2},"f":{"0":3,"1":3,"2":6},"b":{"0":[5,1],"1":[1,5]},"_coverageSchema":"1a1c01bbd47fc00a2c39e90264f33305004495a9","hash":"9ee20c1c51de441556626ef26ed50497e8d82d48"}
,"/Users/mike/Documents/makers/week-10/bank-tech-test/transaction.js": {"path":"/Users/mike/Documents/makers/week-10/bank-tech-test/transaction.js","statementMap":{"0":{"start":{"line":4,"column":8},"end":{"line":4,"column":24}},"1":{"start":{"line":5,"column":8},"end":{"line":5,"column":28}},"2":{"start":{"line":6,"column":8},"end":{"line":6,"column":24}},"3":{"start":{"line":13,"column":8},"end":{"line":13,"column":64}},"4":{"start":{"line":13,"column":24},"end":{"line":13,"column":64}},"5":{"start":{"line":15,"column":8},"end":{"line":15,"column":68}},"6":{"start":{"line":15,"column":26},"end":{"line":15,"column":68}},"7":{"start":{"line":17,"column":8},"end":{"line":17,"column":80}},"8":{"start":{"line":21,"column":0},"end":{"line":21,"column":28}}},"fnMap":{"0":{"name":"(anonymous_0)","decl":{"start":{"line":3,"column":4},"end":{"line":3,"column":5}},"loc":{"start":{"line":3,"column":36},"end":{"line":7,"column":5}},"line":3},"1":{"name":"(anonymous_1)","decl":{"start":{"line":11,"column":4},"end":{"line":11,"column":5}},"loc":{"start":{"line":11,"column":21},"end":{"line":18,"column":5}},"line":11}},"branchMap":{"0":{"loc":{"start":{"line":13,"column":8},"end":{"line":13,"column":64}},"type":"if","locations":[{"start":{"line":13,"column":8},"end":{"line":13,"column":64}},{"start":{},"end":{}}],"line":13},"1":{"loc":{"start":{"line":15,"column":8},"end":{"line":15,"column":68}},"type":"if","locations":[{"start":{"line":15,"column":8},"end":{"line":15,"column":68}},{"start":{},"end":{}}],"line":15}},"s":{"0":7,"1":7,"2":7,"3":7,"4":1,"5":6,"6":1,"7":5,"8":3},"f":{"0":7,"1":7},"b":{"0":[1,6],"1":[1,5]},"_coverageSchema":"1a1c01bbd47fc00a2c39e90264f33305004495a9","hash":"d02e3e1562c0da11bfa07198de7c7126d152ce17"}
}
