{"/Users/mike/Documents/makers/week-10/bank-tech-test/account.js": {"path":"/Users/mike/Documents/makers/week-10/bank-tech-test/account.js","statementMap":{"0":{"start":{"line":3,"column":8},"end":{"line":3,"column":24}},"1":{"start":{"line":4,"column":8},"end":{"line":4,"column":24}},"2":{"start":{"line":8,"column":32},"end":{"line":8,"column":52}},"3":{"start":{"line":10,"column":8},"end":{"line":10,"column":46}},"4":{"start":{"line":12,"column":8},"end":{"line":18,"column":14}},"5":{"start":{"line":21,"column":8},"end":{"line":21,"column":26}},"6":{"start":{"line":25,"column":0},"end":{"line":25,"column":24}}},"fnMap":{"0":{"name":"(anonymous_0)","decl":{"start":{"line":2,"column":4},"end":{"line":2,"column":5}},"loc":{"start":{"line":2,"column":18},"end":{"line":5,"column":5}},"line":2},"1":{"name":"(anonymous_1)","decl":{"start":{"line":6,"column":4},"end":{"line":6,"column":5}},"loc":{"start":{"line":6,"column":24},"end":{"line":19,"column":5}},"line":6},"2":{"name":"(anonymous_2)","decl":{"start":{"line":20,"column":4},"end":{"line":20,"column":5}},"loc":{"start":{"line":20,"column":16},"end":{"line":22,"column":5}},"line":20}},"branchMap":{},"s":{"0":2,"1":2,"2":3,"3":3,"4":3,"5":1,"6":2},"f":{"0":2,"1":3,"2":1},"b":{},"_coverageSchema":"1a1c01bbd47fc00a2c39e90264f33305004495a9","hash":"baf9f935399a98d1e26ee13e2acda18126d27133"}
,"/Users/mike/Documents/makers/week-10/bank-tech-test/date.js": {"path":"/Users/mike/Documents/makers/week-10/bank-tech-test/date.js","statementMap":{"0":{"start":{"line":4,"column":8},"end":{"line":4,"column":24}},"1":{"start":{"line":9,"column":8},"end":{"line":21,"column":55}},"2":{"start":{"line":11,"column":30},"end":{"line":11,"column":50}},"3":{"start":{"line":13,"column":12},"end":{"line":19,"column":74}},"4":{"start":{"line":17,"column":20},"end":{"line":17,"column":36}},"5":{"start":{"line":19,"column":23},"end":{"line":19,"column":74}},"6":{"start":{"line":21,"column":15},"end":{"line":21,"column":55}},"7":{"start":{"line":25,"column":0},"end":{"line":25,"column":21}}},"fnMap":{"0":{"name":"(anonymous_0)","decl":{"start":{"line":3,"column":4},"end":{"line":3,"column":5}},"loc":{"start":{"line":3,"column":22},"end":{"line":5,"column":5}},"line":3},"1":{"name":"(anonymous_1)","decl":{"start":{"line":7,"column":4},"end":{"line":7,"column":5}},"loc":{"start":{"line":7,"column":14},"end":{"line":22,"column":5}},"line":7}},"branchMap":{"0":{"loc":{"start":{"line":9,"column":8},"end":{"line":21,"column":55}},"type":"if","locations":[{"start":{"line":9,"column":8},"end":{"line":21,"column":55}},{"start":{"line":21,"column":15},"end":{"line":21,"column":55}}],"line":9},"1":{"loc":{"start":{"line":13,"column":12},"end":{"line":19,"column":74}},"type":"if","locations":[{"start":{"line":13,"column":12},"end":{"line":19,"column":74}},{"start":{"line":19,"column":23},"end":{"line":19,"column":74}}],"line":13},"2":{"loc":{"start":{"line":13,"column":16},"end":{"line":16,"column":44}},"type":"binary-expr","locations":[{"start":{"line":13,"column":16},"end":{"line":13,"column":38}},{"start":{"line":14,"column":19},"end":{"line":14,"column":44}},{"start":{"line":15,"column":19},"end":{"line":15,"column":44}},{"start":{"line":16,"column":19},"end":{"line":16,"column":44}}],"line":13}},"s":{"0":4,"1":4,"2":3,"3":3,"4":2,"5":1,"6":1,"7":3},"f":{"0":4,"1":4},"b":{"0":[3,1],"1":[2,1],"2":[3,2,2,2]},"_coverageSchema":"1a1c01bbd47fc00a2c39e90264f33305004495a9","hash":"ea59e38de42e780d662774d1a566a4b45cbb82f2"}
,"/Users/mike/Documents/makers/week-10/bank-tech-test/deposit.js": {"path":"/Users/mike/Documents/makers/week-10/bank-tech-test/deposit.js","statementMap":{"0":{"start":{"line":3,"column":8},"end":{"line":3,"column":28}},"1":{"start":{"line":4,"column":8},"end":{"line":4,"column":24}},"2":{"start":{"line":8,"column":8},"end":{"line":8,"column":64}},"3":{"start":{"line":8,"column":24},"end":{"line":8,"column":64}},"4":{"start":{"line":10,"column":8},"end":{"line":10,"column":68}},"5":{"start":{"line":10,"column":26},"end":{"line":10,"column":68}},"6":{"start":{"line":12,"column":8},"end":{"line":12,"column":63}},"7":{"start":{"line":16,"column":0},"end":{"line":16,"column":24}}},"fnMap":{"0":{"name":"(anonymous_0)","decl":{"start":{"line":2,"column":4},"end":{"line":2,"column":5}},"loc":{"start":{"line":2,"column":30},"end":{"line":5,"column":5}},"line":2},"1":{"name":"(anonymous_1)","decl":{"start":{"line":6,"column":4},"end":{"line":6,"column":5}},"loc":{"start":{"line":6,"column":17},"end":{"line":13,"column":5}},"line":6}},"branchMap":{"0":{"loc":{"start":{"line":8,"column":8},"end":{"line":8,"column":64}},"type":"if","locations":[{"start":{"line":8,"column":8},"end":{"line":8,"column":64}},{"start":{},"end":{}}],"line":8},"1":{"loc":{"start":{"line":10,"column":8},"end":{"line":10,"column":68}},"type":"if","locations":[{"start":{"line":10,"column":8},"end":{"line":10,"column":68}},{"start":{},"end":{}}],"line":10}},"s":{"0":4,"1":4,"2":4,"3":1,"4":3,"5":1,"6":2,"7":3},"f":{"0":4,"1":4},"b":{"0":[1,3],"1":[1,2]},"_coverageSchema":"1a1c01bbd47fc00a2c39e90264f33305004495a9","hash":"03a92b7ef51c3bcb9421a0ca9e73fa156dbc2cfd"}
}
