TN:
SF:account.js
FN:3,(anonymous_0)
FN:8,(anonymous_1)
FN:27,(anonymous_2)
FNF:3
FNH:3
FNDA:4,(anonymous_0)
FNDA:8,(anonymous_1)
FNDA:4,(anonymous_2)
DA:4,4
DA:5,4
DA:10,8
DA:12,8
DA:13,5
DA:14,3
DA:15,3
DA:18,8
DA:28,4
DA:33,3
LF:10
LH:10
BRDA:12,0,0,5
BRDA:12,0,1,3
BRDA:14,1,0,3
BRDA:14,1,1,0
BRF:4
BRH:3
end_of_record
TN:
SF:date.js
FN:3,(anonymous_0)
FN:7,(anonymous_1)
FNF:2
FNH:2
FNDA:7,(anonymous_0)
FNDA:7,(anonymous_1)
DA:4,7
DA:9,7
DA:11,6
DA:13,6
DA:17,5
DA:19,1
DA:21,1
DA:25,3
LF:8
LH:8
BRDA:9,0,0,6
BRDA:9,0,1,1
BRDA:13,1,0,5
BRDA:13,1,1,1
BRDA:13,2,0,6
BRDA:13,2,1,5
BRDA:13,2,2,5
BRDA:13,2,3,5
BRF:8
BRH:8
end_of_record
TN:
SF:statement.js
FN:2,(anonymous_0)
FN:5,(anonymous_1)
FN:10,(anonymous_2)
FNF:3
FNH:3
FNDA:3,(anonymous_0)
FNDA:3,(anonymous_1)
FNDA:6,(anonymous_2)
DA:3,3
DA:6,3
DA:8,3
DA:10,3
DA:11,6
DA:14,3
DA:18,2
LF:7
LH:7
BRDA:11,0,0,5
BRDA:11,0,1,1
BRDA:11,1,0,1
BRDA:11,1,1,5
BRF:4
BRH:4
end_of_record
TN:
SF:transaction.js
FN:3,(anonymous_0)
FN:11,(anonymous_1)
FNF:2
FNH:2
FNDA:7,(anonymous_0)
FNDA:7,(anonymous_1)
DA:4,7
DA:5,7
DA:6,7
DA:13,7
DA:15,6
DA:17,5
DA:21,3
LF:7
LH:7
BRDA:13,0,0,1
BRDA:13,0,1,6
BRDA:15,1,0,1
BRDA:15,1,1,5
BRF:4
BRH:4
end_of_record
