TN:
SF:account.js
FN:2,(anonymous_0)
FN:6,(anonymous_1)
FN:20,(anonymous_2)
FNF:3
FNH:3
FNDA:2,(anonymous_0)
FNDA:3,(anonymous_1)
FNDA:1,(anonymous_2)
DA:3,2
DA:4,2
DA:8,3
DA:10,3
DA:12,3
DA:21,1
DA:25,2
LF:7
LH:7
BRF:0
BRH:0
end_of_record
TN:
SF:date.js
FN:3,(anonymous_0)
FN:7,(anonymous_1)
FNF:2
FNH:2
FNDA:4,(anonymous_0)
FNDA:4,(anonymous_1)
DA:4,4
DA:9,4
DA:11,3
DA:13,3
DA:17,2
DA:19,1
DA:21,1
DA:25,3
LF:8
LH:8
BRDA:9,0,0,3
BRDA:9,0,1,1
BRDA:13,1,0,2
BRDA:13,1,1,1
BRDA:13,2,0,3
BRDA:13,2,1,2
BRDA:13,2,2,2
BRDA:13,2,3,2
BRF:8
BRH:8
end_of_record
TN:
SF:deposit.js
FN:2,(anonymous_0)
FN:6,(anonymous_1)
FNF:2
FNH:2
FNDA:4,(anonymous_0)
FNDA:4,(anonymous_1)
DA:3,4
DA:4,4
DA:8,4
DA:10,3
DA:12,2
DA:16,3
LF:6
LH:6
BRDA:8,0,0,1
BRDA:8,0,1,3
BRDA:10,1,0,1
BRDA:10,1,1,2
BRF:4
BRH:4
end_of_record
